<?xml version="1.0" encoding="UTF-8"?>
<test>
    <Transaction>
      <agrlib:TransType>GL</agrlib:TransType>
      <agrlib:Description>Pseudonomenclatuur - Verzorgingsinstellingen en -diensten - Code verpleegdagen</agrlib:Description>
      <agrlib:Status>N</agrlib:Status>
      <TransDate>2019-06-27</TransDate>
      <ExternalRef></ExternalRef>
      <Amounts>
        <DcFlag>1</DcFlag>
        <agrlib:Amount>0</agrlib:Amount>
        <agrlib:CurrAmount>0</agrlib:CurrAmount>
        <Value1>181267372</Value1>
      </Amounts>
      <GLAnalysis>
        <agrlib:Account>9000001</agrlib:Account>
        <Dim1>OAPART</Dim1>
        <Dim2>767874</Dim2>
        <Dim3>44021140608</Dim3>
        <Dim4>730</Dim4>
        <Dim5>761434</Dim5>
        <Dim6>20181218</Dim6>
        <Dim7>20181218</Dim7>
        <agrlib:Currency>EUR</agrlib:Currency>
        <agrlib:TaxCode>0</agrlib:TaxCode>
        <agrlib:TaxSystem></agrlib:TaxSystem>
      </GLAnalysis>
      <ApArInfo>
        <agrlib:ApArType>P</agrlib:ApArType>
        <agrlib:ApArNo>71009938000</agrlib:ApArNo>
        <agrlib:InvoiceNo>3538654/5180199343</agrlib:InvoiceNo>
        <agrlib:DueDate>2019-07-11</agrlib:DueDate>
      </ApArInfo>
    </Transaction>
    <Transaction>
      <agrlib:TransType>GL</agrlib:TransType>
      <agrlib:Description>Pseudonomenclatuur - Verzorgingsinstellingen en -diensten - Code verpleegdagen</agrlib:Description>
      <agrlib:Status>N</agrlib:Status>
      <TransDate>2019-06-27</TransDate>
      <ExternalRef></ExternalRef>
      <Amounts>
        <DcFlag>1</DcFlag>
        <agrlib:Amount>0</agrlib:Amount>
        <agrlib:CurrAmount>0</agrlib:CurrAmount>
        <Value1>181267372</Value1>
      </Amounts>
      <GLAnalysis>
        <agrlib:Account>9000001</agrlib:Account>
        <Dim1>PatientPart</Dim1>
        <Dim2>767874</Dim2>
        <Dim3>44021140608</Dim3>
        <Dim4>730</Dim4>
        <Dim5>761434</Dim5>
        <Dim6>20181218</Dim6>
        <Dim7>20181218</Dim7>
        <agrlib:Currency>EUR</agrlib:Currency>
        <agrlib:TaxCode>0</agrlib:TaxCode>
        <agrlib:TaxSystem></agrlib:TaxSystem>
      </GLAnalysis>
      <ApArInfo>
        <agrlib:ApArType>P</agrlib:ApArType>
        <agrlib:ApArNo>71009938000</agrlib:ApArNo>
        <agrlib:InvoiceNo>3538654/5180199343</agrlib:InvoiceNo>
        <agrlib:DueDate>2019-07-11</agrlib:DueDate>
      </ApArInfo>
    </Transaction>
    <Transaction>
      <agrlib:TransType>GL</agrlib:TransType>
      <agrlib:Description>Pseudonomenclatuur - Verzorgingsinstellingen en -diensten - Code verpleegdagen</agrlib:Description>
      <agrlib:Status>N</agrlib:Status>
      <TransDate>2019-06-27</TransDate>
      <ExternalRef></ExternalRef>
      <Amounts>
        <DcFlag>1</DcFlag>
        <agrlib:Amount>0</agrlib:Amount>
        <agrlib:CurrAmount>0</agrlib:CurrAmount>
        <Number1>1</Number1>
        <Value1>181267372</Value1>
      </Amounts>
      <GLAnalysis>
        <agrlib:Account>9000001</agrlib:Account>
        <Dim1>Overcharges</Dim1>
        <Dim2>767874</Dim2>
        <Dim3>44021140608</Dim3>
        <Dim4>730</Dim4>
        <Dim5>761434</Dim5>
        <Dim6>20181218</Dim6>
        <Dim7>20181218</Dim7>
        <agrlib:Currency>EUR</agrlib:Currency>
        <agrlib:TaxCode>0</agrlib:TaxCode>
        <agrlib:TaxSystem></agrlib:TaxSystem>
      </GLAnalysis>
      <ApArInfo>
        <agrlib:ApArType>P</agrlib:ApArType>
        <agrlib:ApArNo>71009938000</agrlib:ApArNo>
        <agrlib:InvoiceNo>3538654/5180199343</agrlib:InvoiceNo>
        <agrlib:DueDate>2019-07-11</agrlib:DueDate>
      </ApArInfo>
    </Transaction>
    <Transaction>
</test>

